<?xml version="1.0" encoding="UTF-8"?>
<!-- Generated by org.testng.reporters.JUnitXMLReporter -->
<testsuite ignored="0" hostname="LAPTOP-ABRF4IV4" failures="0" tests="4" name="Car Price Test" time="65.858" errors="0" timestamp="2021-05-17T23:41:22 IST">
  <testcase classname="testcases.CarPriceTest" name="findCarTest" time="29.498"/>
  <testcase classname="testcases.CarPriceTest" name="findCarTest" time="0.001">
    <skipped/>
  </testcase> <!-- findCarTest -->
  <testcase classname="testcases.CarPriceTest" name="findCarTest" time="5.367"/>
  <testcase classname="testcases.CarPriceTest" name="findCarTest" time="28.929"/>
</testsuite> <!-- Car Price Test -->
